  [1m[36mRace Load (2.2ms)[0m  [1mSELECT  "races".* FROM "races"  ORDER BY "races"."id" ASC LIMIT 1[0m
  [1m[35m (0.1ms)[0m  begin transaction
  [1m[36mSQL (5.6ms)[0m  [1mINSERT INTO "races" ("title", "created_at", "updated_at") VALUES (?, ?, ?)[0m  [["title", "Human"], ["created_at", "2017-01-31 03:06:28.043005"], ["updated_at", "2017-01-31 03:06:28.043005"]]
  [1m[35m (3.3ms)[0m  commit transaction
  [1m[36m (0.1ms)[0m  [1mbegin transaction[0m
  [1m[35mSQL (7.0ms)[0m  INSERT INTO "races" ("title", "created_at", "updated_at") VALUES (?, ?, ?)  [["title", "Zombie"], ["created_at", "2017-01-31 03:06:33.453071"], ["updated_at", "2017-01-31 03:06:33.453071"]]
  [1m[36m (8.2ms)[0m  [1mcommit transaction[0m
  [1m[35mPerson Load (2.1ms)[0m  SELECT  "people".* FROM "people"  ORDER BY "people"."id" ASC LIMIT 1
  [1m[36mRace Load (3.1ms)[0m  [1mSELECT  "races".* FROM "races"  ORDER BY "races"."id" ASC LIMIT 1[0m
  [1m[35mRace Load (2.2ms)[0m  SELECT  "races".* FROM "races"  ORDER BY "races"."id" ASC LIMIT 1
  [1m[36mRace Load (2.6ms)[0m  [1mSELECT  "races".* FROM "races"  ORDER BY "races"."id" ASC LIMIT 1[0m
  [1m[35mRace Load (2.1ms)[0m  SELECT  "races".* FROM "races"  ORDER BY "races"."id" ASC LIMIT 1
  [1m[36mRace Load (2.4ms)[0m  [1mSELECT "races".* FROM "races"[0m
  [1m[35mRace Load (1.9ms)[0m  SELECT  "races".* FROM "races" WHERE "races"."id" = ? LIMIT 1  [["id", 1]]
  [1m[36m (0.1ms)[0m  [1mbegin transaction[0m
  [1m[35mSQL (5.6ms)[0m  INSERT INTO "people" ("name", "created_at", "updated_at") VALUES (?, ?, ?)  [["name", "Rick"], ["created_at", "2017-01-31 03:18:34.799229"], ["updated_at", "2017-01-31 03:18:34.799229"]]
  [1m[36m (63.3ms)[0m  [1mcommit transaction[0m
  [1m[36mRace Load (10.2ms)[0m  [1mSELECT "races".* FROM "races"[0m
  [1m[35m (0.1ms)[0m  begin transaction
  [1m[36mSQL (6.0ms)[0m  [1mINSERT INTO "people" ("name", "race_id", "created_at", "updated_at") VALUES (?, ?, ?, ?)[0m  [["name", "Rick"], ["race_id", 1], ["created_at", "2017-01-31 03:32:33.020850"], ["updated_at", "2017-01-31 03:32:33.020850"]]
  [1m[35m (4.1ms)[0m  commit transaction
  [1m[36m (0.1ms)[0m  [1mbegin transaction[0m
  [1m[35mSQL (4.2ms)[0m  INSERT INTO "people" ("name", "race_id", "created_at", "updated_at") VALUES (?, ?, ?, ?)  [["name", "Carl"], ["race_id", 1], ["created_at", "2017-01-31 03:33:30.593213"], ["updated_at", "2017-01-31 03:33:30.593213"]]
  [1m[36m (3.8ms)[0m  [1mcommit transaction[0m
  [1m[35m (0.1ms)[0m  begin transaction
  [1m[36mSQL (8.2ms)[0m  [1mINSERT INTO "people" ("name", "race_id", "created_at", "updated_at") VALUES (?, ?, ?, ?)[0m  [["name", "Shane"], ["race_id", 2], ["created_at", "2017-01-31 03:33:54.884123"], ["updated_at", "2017-01-31 03:33:54.884123"]]
  [1m[35m (7.6ms)[0m  commit transaction
  [1m[36mPerson Load (10.2ms)[0m  [1mSELECT "people".* FROM "people"[0m
  [1m[35mPerson Load (1.4ms)[0m  SELECT  "people".* FROM "people" WHERE "people"."id" = ? LIMIT 1  [["id", 1]]
  [1m[36m (0.2ms)[0m  [1mbegin transaction[0m
  [1m[35mSQL (3.8ms)[0m  UPDATE "people" SET "race_id" = ?, "updated_at" = ? WHERE "people"."id" = ?  [["race_id", 1], ["updated_at", "2017-01-31 03:36:18.011694"], ["id", 1]]
  [1m[36m (2.9ms)[0m  [1mcommit transaction[0m
  [1m[36mPerson Load (1.2ms)[0m  [1mSELECT  "people".* FROM "people"  ORDER BY "people"."id" ASC LIMIT 1[0m
  [1m[36mPerson Load (2.3ms)[0m  [1mSELECT  "people".* FROM "people"  ORDER BY "people"."id" ASC LIMIT 1[0m
  [1m[35mRace Load (1.9ms)[0m  SELECT  "races".* FROM "races" WHERE "races"."id" = ? LIMIT 1  [["id", 1]]
  [1m[36mPerson Load (2.1ms)[0m  [1mSELECT  "people".* FROM "people" WHERE "people"."id" = ? LIMIT 1[0m  [["id", 1]]
  [1m[35mRace Load (2.0ms)[0m  SELECT  "races".* FROM "races" WHERE "races"."id" = ? LIMIT 1  [["id", 1]]
  [1m[36mPerson Load (1.7ms)[0m  [1mSELECT  "people".* FROM "people"  ORDER BY "people"."id" ASC LIMIT 1[0m
  [1m[35mPerson Load (1.4ms)[0m  SELECT "people".* FROM "people"
  [1m[36mPerson Load (2.1ms)[0m  [1mSELECT  "people".* FROM "people" WHERE "people"."id" = ? LIMIT 1[0m  [["id", 4]]
  [1m[36mPerson Load (3.9ms)[0m  [1mSELECT  "people".* FROM "people"  ORDER BY "people"."id" ASC LIMIT 1[0m
  [1m[35mPerson Load (2.0ms)[0m  SELECT  "people".* FROM "people" WHERE "people"."id" = ? LIMIT 1  [["id", 3]]
  [1m[36mPerson Load (2.3ms)[0m  [1mSELECT  "people".* FROM "people" WHERE "people"."id" = ? LIMIT 1[0m  [["id", 4]]
  [1m[35mPerson Load (2.0ms)[0m  SELECT  "people".* FROM "people" WHERE "people"."id" = ? LIMIT 1  [["id", 2]]
  [1m[36mPerson Load (2.1ms)[0m  [1mSELECT  "people".* FROM "people" WHERE "people"."id" = ? LIMIT 1[0m  [["id", 1]]
  [1m[35mPerson Load (2.2ms)[0m  SELECT  "people".* FROM "people" WHERE "people"."id" = ? LIMIT 1  [["id", 2]]
  [1m[36m (0.2ms)[0m  [1mbegin transaction[0m
  [1m[35mSQL (4.9ms)[0m  DELETE FROM "people" WHERE "people"."id" = ?  [["id", 2]]
  [1m[36m (3.6ms)[0m  [1mcommit transaction[0m
  [1m[35mPerson Load (2.4ms)[0m  SELECT "people".* FROM "people"
  [1m[36mPerson Load (2.2ms)[0m  [1mSELECT  "people".* FROM "people"  ORDER BY "people"."id" ASC LIMIT 1[0m
  [1m[35mPerson Load (2.4ms)[0m  SELECT  "people".* FROM "people"  ORDER BY "people"."id" DESC LIMIT 1
  [1m[36mPerson Load (2.3ms)[0m  [1mSELECT  "people".* FROM "people" WHERE "people"."id" = ? LIMIT 1[0m  [["id", 3]]
  [1m[36mPerson Load (1.9ms)[0m  [1mSELECT  "people".* FROM "people"  ORDER BY "people"."id" ASC LIMIT 1[0m
  [1m[35mPerson Load (2.2ms)[0m  SELECT  "people".* FROM "people"  ORDER BY "people"."id" ASC LIMIT 1
  [1m[36mPerson Load (10.4ms)[0m  [1mSELECT  "people".* FROM "people"  ORDER BY "people"."id" DESC LIMIT 1[0m
  [1m[35mPerson Load (2.0ms)[0m  SELECT  "people".* FROM "people" WHERE "people"."id" = ? LIMIT 1  [["id", 3]]
  [1m[36mRace Load (3.1ms)[0m  [1mSELECT  "races".* FROM "races" WHERE "races"."id" = ? LIMIT 1[0m  [["id", 1]]
  [1m[35mRace Load (1.7ms)[0m  SELECT  "races".* FROM "races" WHERE "races"."id" = ? LIMIT 1  [["id", 2]]
  [1m[36m (0.2ms)[0m  [1mbegin transaction[0m
  [1m[35mSQL (5.4ms)[0m  UPDATE "people" SET "race_id" = ?, "updated_at" = ? WHERE "people"."id" = ?  [["race_id", 2], ["updated_at", "2017-01-31 03:56:26.202011"], ["id", 1]]
  [1m[36m (6.3ms)[0m  [1mcommit transaction[0m
